[debug] [2025-02-04T18:58:07.411Z] ----------------------------------------------------------------------
[debug] [2025-02-04T18:58:07.440Z] Command:       C:\Program Files\nodejs\node.exe C:\Users\lerat\AppData\Roaming\npm\node_modules\firebase-tools\lib\bin\firebase.js init
[debug] [2025-02-04T18:58:07.442Z] CLI Version:   13.29.1
[debug] [2025-02-04T18:58:07.443Z] Platform:      win32
[debug] [2025-02-04T18:58:07.444Z] Node Version:  v20.17.0
[debug] [2025-02-04T18:58:07.444Z] Time:          Tue Feb 04 2025 20:58:07 GMT+0200 (South Africa Standard Time)
[debug] [2025-02-04T18:58:07.445Z] ----------------------------------------------------------------------
[debug] 
[debug] [2025-02-04T18:58:07.459Z] >>> [apiv2][query] GET https://firebase-public.firebaseio.com/cli.json [none]
[debug] [2025-02-04T18:58:07.898Z] > command requires scopes: ["email","openid","https://www.googleapis.com/auth/cloudplatformprojects.readonly","https://www.googleapis.com/auth/firebase","https://www.googleapis.com/auth/cloud-platform"]
[debug] [2025-02-04T18:58:07.900Z] > authorizing via signed-in user (koketsomotse92@gmail.com)
[info] 
     ######## #### ########  ######## ########     ###     ######  ########
     ##        ##  ##     ## ##       ##     ##  ##   ##  ##       ##
     ######    ##  ########  ######   ########  #########  ######  ######
     ##        ##  ##    ##  ##       ##     ## ##     ##       ## ##
     ##       #### ##     ## ######## ########  ##     ##  ######  ########

You're about to initialize a Firebase project in this directory:

  C:\Users\lerat\OneDrive\Desktop\DALIS DEMENTED HAIRSTYLES

[debug] [2025-02-04T18:58:08.807Z] <<< [apiv2][status] GET https://firebase-public.firebaseio.com/cli.json 200
[debug] [2025-02-04T18:58:08.808Z] <<< [apiv2][body] GET https://firebase-public.firebaseio.com/cli.json {"cloudBuildErrorAfter":1594252800000,"cloudBuildWarnAfter":1590019200000,"defaultNode10After":1594252800000,"minVersion":"3.0.5","node8DeploysDisabledAfter":1613390400000,"node8RuntimeDisabledAfter":1615809600000,"node8WarnAfter":1600128000000}
[info] 
=== Project Setup
[info] 
[info] First, let's associate this project directory with a Firebase project.
[info] You can create multiple project aliases by running firebase use --add, 
[info] but for now we'll just set up a default project.
[info] 
[debug] [2025-02-04T19:00:50.371Z] Checked if tokens are valid: false, expires at: 1737477572087
[debug] [2025-02-04T19:00:50.386Z] Checked if tokens are valid: false, expires at: 1737477572087
[debug] [2025-02-04T19:00:50.404Z] > refreshing access token with scopes: []
[debug] [2025-02-04T19:00:50.441Z] >>> [apiv2][query] POST https://www.googleapis.com/oauth2/v3/token [none]
[debug] [2025-02-04T19:00:50.443Z] >>> [apiv2][body] POST https://www.googleapis.com/oauth2/v3/token [omitted]
[debug] [2025-02-04T19:00:51.218Z] <<< [apiv2][status] POST https://www.googleapis.com/oauth2/v3/token 200
[debug] [2025-02-04T19:00:51.219Z] <<< [apiv2][body] POST https://www.googleapis.com/oauth2/v3/token [omitted]
[error] Authentication Error: Your credentials are no longer valid. Please run firebase login --reauth

For CI servers and headless environments, generate a new token with firebase login:ci
[debug] [2025-02-04T19:00:51.282Z] Authentication Error: Your credentials are no longer valid. Please run firebase login --reauth

For CI servers and headless environments, generate a new token with firebase login:ci
[debug] [2025-02-04T19:00:51.930Z] FirebaseError: Authentication Error: Your credentials are no longer valid. Please run firebase login --reauth

For CI servers and headless environments, generate a new token with firebase login:ci
    at invalidCredentialError (C:\Users\lerat\AppData\Roaming\npm\node_modules\firebase-tools\lib\auth.js:147:12)
    at refreshTokens (C:\Users\lerat\AppData\Roaming\npm\node_modules\firebase-tools\lib\auth.js:539:15)
    at process.processTicksAndRejections (node:internal/process/task_queues:95:5)
    at async getAccessToken (C:\Users\lerat\AppData\Roaming\npm\node_modules\firebase-tools\lib\apiv2.js:42:18)
    at async Client.addAuthHeader (C:\Users\lerat\AppData\Roaming\npm\node_modules\firebase-tools\lib\apiv2.js:169:21)
    at async Client.request (C:\Users\lerat\AppData\Roaming\npm\node_modules\firebase-tools\lib\apiv2.js:120:34)
    at async getProjectPage (C:\Users\lerat\AppData\Roaming\npm\node_modules\firebase-tools\lib\management\projects.js:265:17)
    at async getFirebaseProjectPage (C:\Users\lerat\AppData\Roaming\npm\node_modules\firebase-tools\lib\management\projects.js:282:23)
    at async selectProjectInteractively (C:\Users\lerat\AppData\Roaming\npm\node_modules\firebase-tools\lib\management\projects.js:122:41)
    at async doSetup (C:\Users\lerat\AppData\Roaming\npm\node_modules\firebase-tools\lib\init\features\project.js:89:27)
[error] 
[error] Error: Failed to list Firebase projects. See firebase-debug.log for more info.
